Downloading '.gitattributes' to '/data/yangyi/nora/modified_libero_rlds/.cache/huggingface/download/wPaCkH-WbT7GsmxMKKrNZTV4nSM=.24bce77793a91a2eabd9151a8349e74b2b103070.incomplete'
Download complete. Moving file to /data/yangyi/nora/modified_libero_rlds/.gitattributes
Downloading 'README.md' to '/data/yangyi/nora/modified_libero_rlds/.cache/huggingface/download/Xn7B-BWUGOee2Y6hCZtEhtFu4BE=.08e2bae00ff08f3ec7eef7fbcb505397b7b89ce8.incomplete'
Download complete. Moving file to /data/yangyi/nora/modified_libero_rlds/README.md
Downloading 'libero_10_no_noops/1.0.0/dataset_info.json' to '/data/yangyi/nora/modified_libero_rlds/.cache/huggingface/download/libero_10_no_noops/1.0.0/B-DLGau7qji7FOiLDm71jNznmcU=.55415bde7be4a313b0cf3751cff6b3c607dce959.incomplete'
Download complete. Moving file to /data/yangyi/nora/modified_libero_rlds/libero_10_no_noops/1.0.0/dataset_info.json
Downloading 'libero_10_no_noops/1.0.0/features.json' to '/data/yangyi/nora/modified_libero_rlds/.cache/huggingface/download/libero_10_no_noops/1.0.0/lrjysyCGup8vrOWNy55Skwbctlw=.a5c8abcf90cb16a51b2e7900f4bdbdafa0566816.incomplete'
Download complete. Moving file to /data/yangyi/nora/modified_libero_rlds/libero_10_no_noops/1.0.0/features.json
Downloading 'libero_10_no_noops/1.0.0/liber_o10-train.tfrecord-00000-of-00032' to '/data/yangyi/nora/modified_libero_rlds/.cache/huggingface/download/libero_10_no_noops/1.0.0/G8cFLEZGQ2ahhxardeAoEqtWUTk=.40e014ad56148f3268fc19299f311265a16373186f22304293304a0911331af3.incomplete'
Download complete. Moving file to /data/yangyi/nora/modified_libero_rlds/libero_10_no_noops/1.0.0/liber_o10-train.tfrecord-00000-of-00032
Downloading 'libero_10_no_noops/1.0.0/liber_o10-train.tfrecord-00001-of-00032' to '/data/yangyi/nora/modified_libero_rlds/.cache/huggingface/download/libero_10_no_noops/1.0.0/z7StPk_oJVEzE2fMlf2CoqZGGcM=.ce12aa5077f83c8795642f867eca68957edb36224d5c963593a785f0b2c6e543.incomplete'
Download complete. Moving file to /data/yangyi/nora/modified_libero_rlds/libero_10_no_noops/1.0.0/liber_o10-train.tfrecord-00001-of-00032
Downloading 'libero_10_no_noops/1.0.0/liber_o10-train.tfrecord-00002-of-00032' to '/data/yangyi/nora/modified_libero_rlds/.cache/huggingface/download/libero_10_no_noops/1.0.0/HNJg7konzvrVo-nC4Ijn1L4K2mY=.97074c6f69b3ccc159badb9480e420ac4ec5635fb6e7cc9fc7b6bc9b093de85d.incomplete'
Download complete. Moving file to /data/yangyi/nora/modified_libero_rlds/libero_10_no_noops/1.0.0/liber_o10-train.tfrecord-00002-of-00032
Downloading 'libero_10_no_noops/1.0.0/liber_o10-train.tfrecord-00003-of-00032' to '/data/yangyi/nora/modified_libero_rlds/.cache/huggingface/download/libero_10_no_noops/1.0.0/eHMbEIZn8K0Y565WHusxakSKRGI=.3e9ca45c856083177a2580bf14e0d3d2ff663b75ee20a35c6a112a2a2f8511a1.incomplete'
Download complete. Moving file to /data/yangyi/nora/modified_libero_rlds/libero_10_no_noops/1.0.0/liber_o10-train.tfrecord-00003-of-00032
Downloading 'libero_10_no_noops/1.0.0/liber_o10-train.tfrecord-00004-of-00032' to '/data/yangyi/nora/modified_libero_rlds/.cache/huggingface/download/libero_10_no_noops/1.0.0/rig9G82hvjUHHbO8Ujo98SK388I=.5abc235c3034bbbfc7c974266ec8138326f3d52deb265b39a61b851e2dff8d05.incomplete'
Download complete. Moving file to /data/yangyi/nora/modified_libero_rlds/libero_10_no_noops/1.0.0/liber_o10-train.tfrecord-00004-of-00032
Downloading 'libero_10_no_noops/1.0.0/liber_o10-train.tfrecord-00005-of-00032' to '/data/yangyi/nora/modified_libero_rlds/.cache/huggingface/download/libero_10_no_noops/1.0.0/FLK64COD5w3-xeZlP0VQBYc4BCc=.536c3afee248148134072c087d188d8c93ee8383eb76efb1d577454d95650080.incomplete'
Download complete. Moving file to /data/yangyi/nora/modified_libero_rlds/libero_10_no_noops/1.0.0/liber_o10-train.tfrecord-00005-of-00032
Downloading 'libero_10_no_noops/1.0.0/liber_o10-train.tfrecord-00006-of-00032' to '/data/yangyi/nora/modified_libero_rlds/.cache/huggingface/download/libero_10_no_noops/1.0.0/89VMdrtr9HXtNJ4BbnXs8x0-Lus=.aedda940609417867046b8c4959694aeb9a30cfaab4ead16a7ba397bd3bc5bca.incomplete'
Download complete. Moving file to /data/yangyi/nora/modified_libero_rlds/libero_10_no_noops/1.0.0/liber_o10-train.tfrecord-00006-of-00032
Downloading 'libero_10_no_noops/1.0.0/liber_o10-train.tfrecord-00007-of-00032' to '/data/yangyi/nora/modified_libero_rlds/.cache/huggingface/download/libero_10_no_noops/1.0.0/KI9p4NzYz_xEtiMqak-IgDShQQo=.bfb7caa49d4c244e9ee3158b427ead2a52107ac765e18c3e834a9c030ebe7a9f.incomplete'
Download complete. Moving file to /data/yangyi/nora/modified_libero_rlds/libero_10_no_noops/1.0.0/liber_o10-train.tfrecord-00007-of-00032
Downloading 'libero_10_no_noops/1.0.0/liber_o10-train.tfrecord-00008-of-00032' to '/data/yangyi/nora/modified_libero_rlds/.cache/huggingface/download/libero_10_no_noops/1.0.0/mDFBEeyqZsKxabHLwumB7tOZWt0=.cc05dcc2cf733403aded088bef2cdd50fa379e11e17e055f82f09bdfb50b7770.incomplete'
Download complete. Moving file to /data/yangyi/nora/modified_libero_rlds/libero_10_no_noops/1.0.0/liber_o10-train.tfrecord-00008-of-00032
Downloading 'libero_10_no_noops/1.0.0/liber_o10-train.tfrecord-00009-of-00032' to '/data/yangyi/nora/modified_libero_rlds/.cache/huggingface/download/libero_10_no_noops/1.0.0/FTGMRVv65DBEieor5FM8wZzf_M8=.3e78c227749477bc0fc579cf702e342f7ee51565fcd50e4bc623d264f966a811.incomplete'
Download complete. Moving file to /data/yangyi/nora/modified_libero_rlds/libero_10_no_noops/1.0.0/liber_o10-train.tfrecord-00009-of-00032
Downloading 'libero_10_no_noops/1.0.0/liber_o10-train.tfrecord-00010-of-00032' to '/data/yangyi/nora/modified_libero_rlds/.cache/huggingface/download/libero_10_no_noops/1.0.0/vv5JVIfm_p_vQohQ_UHP7pmR_70=.07735089278af85a7fc2861f5b1be6cc178a8cbf1360935ef8b0baf6644b8f79.incomplete'
Download complete. Moving file to /data/yangyi/nora/modified_libero_rlds/libero_10_no_noops/1.0.0/liber_o10-train.tfrecord-00010-of-00032
Downloading 'libero_10_no_noops/1.0.0/liber_o10-train.tfrecord-00011-of-00032' to '/data/yangyi/nora/modified_libero_rlds/.cache/huggingface/download/libero_10_no_noops/1.0.0/VmnZ_3GDosutC9rDgvKBvAEVtGk=.a3e11cf5962a07bcdef52f4d16d89acf88aa4660c4f468094f5eec3cf08c77cf.incomplete'
Download complete. Moving file to /data/yangyi/nora/modified_libero_rlds/libero_10_no_noops/1.0.0/liber_o10-train.tfrecord-00011-of-00032
Downloading 'libero_10_no_noops/1.0.0/liber_o10-train.tfrecord-00012-of-00032' to '/data/yangyi/nora/modified_libero_rlds/.cache/huggingface/download/libero_10_no_noops/1.0.0/6rEmTENVCrXc5LmT29C-Dn_RQDw=.ac2b10559504a62ee5d6420707dd3297f5288aa44558fbc301735908a42259cb.incomplete'
Download complete. Moving file to /data/yangyi/nora/modified_libero_rlds/libero_10_no_noops/1.0.0/liber_o10-train.tfrecord-00012-of-00032
Downloading 'libero_10_no_noops/1.0.0/liber_o10-train.tfrecord-00013-of-00032' to '/data/yangyi/nora/modified_libero_rlds/.cache/huggingface/download/libero_10_no_noops/1.0.0/zge2KMotZhHVEIMuExbLROqkxLw=.c593d75ce5eeaac435b07956b8b3239c32ff93a9138e6b5e697d02e832fa89b6.incomplete'
Download complete. Moving file to /data/yangyi/nora/modified_libero_rlds/libero_10_no_noops/1.0.0/liber_o10-train.tfrecord-00013-of-00032
Downloading 'libero_10_no_noops/1.0.0/liber_o10-train.tfrecord-00014-of-00032' to '/data/yangyi/nora/modified_libero_rlds/.cache/huggingface/download/libero_10_no_noops/1.0.0/Ihvarc3RpUGq3OGoYWP-ueRl3gw=.da641b5de3d3a5782e85e3ad980a36aee38d3652456788a8858fdb4a526c1bea.incomplete'
Download complete. Moving file to /data/yangyi/nora/modified_libero_rlds/libero_10_no_noops/1.0.0/liber_o10-train.tfrecord-00014-of-00032
Downloading 'libero_10_no_noops/1.0.0/liber_o10-train.tfrecord-00015-of-00032' to '/data/yangyi/nora/modified_libero_rlds/.cache/huggingface/download/libero_10_no_noops/1.0.0/bfNyQuYCUfYIFbIT29t-GyhXzPA=.8d67ba19730792d4487700c473fdebd5d301dbaa9d30121b7b7d17370762e750.incomplete'
Download complete. Moving file to /data/yangyi/nora/modified_libero_rlds/libero_10_no_noops/1.0.0/liber_o10-train.tfrecord-00015-of-00032
Downloading 'libero_10_no_noops/1.0.0/liber_o10-train.tfrecord-00016-of-00032' to '/data/yangyi/nora/modified_libero_rlds/.cache/huggingface/download/libero_10_no_noops/1.0.0/uVv9tCNswc6kGImulbg2fdax3Og=.5fc8d1a567451215759e35e91f42d05ddb7e0b856f18cd8fa927d9533f4905a3.incomplete'
Download complete. Moving file to /data/yangyi/nora/modified_libero_rlds/libero_10_no_noops/1.0.0/liber_o10-train.tfrecord-00016-of-00032
Downloading 'libero_10_no_noops/1.0.0/liber_o10-train.tfrecord-00017-of-00032' to '/data/yangyi/nora/modified_libero_rlds/.cache/huggingface/download/libero_10_no_noops/1.0.0/yhdsjm1VW9F6szoLWmwZE5--Qrg=.6435ba0e995d5f8385f8ec2d9a31fb26da49c1176af5fbf7b86c540d7f1bb831.incomplete'
Download complete. Moving file to /data/yangyi/nora/modified_libero_rlds/libero_10_no_noops/1.0.0/liber_o10-train.tfrecord-00017-of-00032
Downloading 'libero_10_no_noops/1.0.0/liber_o10-train.tfrecord-00018-of-00032' to '/data/yangyi/nora/modified_libero_rlds/.cache/huggingface/download/libero_10_no_noops/1.0.0/IpQCphHmCElQQwIM3Vwg9zI6ZWg=.d6e8e0cfc55d9374c751ee4faaf9d8255738124033e7bad51c12ce8bef704e04.incomplete'
Download complete. Moving file to /data/yangyi/nora/modified_libero_rlds/libero_10_no_noops/1.0.0/liber_o10-train.tfrecord-00018-of-00032
Downloading 'libero_10_no_noops/1.0.0/liber_o10-train.tfrecord-00019-of-00032' to '/data/yangyi/nora/modified_libero_rlds/.cache/huggingface/download/libero_10_no_noops/1.0.0/7MY7mads7MJEE3nHLfARcSf-vQw=.9fafc3d6c148daf128c45b916eacb29da19d62d1e17d3ee25cf11c48c61e0202.incomplete'
Download complete. Moving file to /data/yangyi/nora/modified_libero_rlds/libero_10_no_noops/1.0.0/liber_o10-train.tfrecord-00019-of-00032
Downloading 'libero_10_no_noops/1.0.0/liber_o10-train.tfrecord-00020-of-00032' to '/data/yangyi/nora/modified_libero_rlds/.cache/huggingface/download/libero_10_no_noops/1.0.0/lp4YTSj9ZVB7kxN6qPR1fZIZ0eU=.e6de6006d4093dae6ef67cf3d3d868c8d58137ab28087ac7f82b87112df31041.incomplete'
Download complete. Moving file to /data/yangyi/nora/modified_libero_rlds/libero_10_no_noops/1.0.0/liber_o10-train.tfrecord-00020-of-00032
Downloading 'libero_10_no_noops/1.0.0/liber_o10-train.tfrecord-00021-of-00032' to '/data/yangyi/nora/modified_libero_rlds/.cache/huggingface/download/libero_10_no_noops/1.0.0/QDUyPvzk50Y2LmId-6q4XJaCVwU=.4cfd9fb5d7adcd7662bdbf5f8986df6a2d33fe6dc29ea86270b396225e8171e5.incomplete'
Download complete. Moving file to /data/yangyi/nora/modified_libero_rlds/libero_10_no_noops/1.0.0/liber_o10-train.tfrecord-00021-of-00032
Downloading 'libero_10_no_noops/1.0.0/liber_o10-train.tfrecord-00022-of-00032' to '/data/yangyi/nora/modified_libero_rlds/.cache/huggingface/download/libero_10_no_noops/1.0.0/PZ4JhGxnzxc9auVOrRa-5LlJA3M=.d43ef874e852a297b92cd89c4845bd0fa7e3dcba13a7d6a22585b514f5b5db55.incomplete'
Download complete. Moving file to /data/yangyi/nora/modified_libero_rlds/libero_10_no_noops/1.0.0/liber_o10-train.tfrecord-00022-of-00032
Downloading 'libero_10_no_noops/1.0.0/liber_o10-train.tfrecord-00023-of-00032' to '/data/yangyi/nora/modified_libero_rlds/.cache/huggingface/download/libero_10_no_noops/1.0.0/USAW2rrSyND6eGyokGDkpFoitc8=.cb5ea4f9873dcc39c59924b22eba81d195af6a7a6666d56129aad2c2fad46443.incomplete'
Download complete. Moving file to /data/yangyi/nora/modified_libero_rlds/libero_10_no_noops/1.0.0/liber_o10-train.tfrecord-00023-of-00032
Downloading 'libero_10_no_noops/1.0.0/liber_o10-train.tfrecord-00024-of-00032' to '/data/yangyi/nora/modified_libero_rlds/.cache/huggingface/download/libero_10_no_noops/1.0.0/NwdMo83Ey3zBXs0jbbopKid8iEI=.662a6295bfba72af92f9adca45f73b9f2f4b80bd824169f71ddc111bb5bc8d00.incomplete'
Download complete. Moving file to /data/yangyi/nora/modified_libero_rlds/libero_10_no_noops/1.0.0/liber_o10-train.tfrecord-00024-of-00032
Downloading 'libero_10_no_noops/1.0.0/liber_o10-train.tfrecord-00025-of-00032' to '/data/yangyi/nora/modified_libero_rlds/.cache/huggingface/download/libero_10_no_noops/1.0.0/r5UbmCYY892HF8mz6oeyVY-7-FU=.24f18fd8ec0f3e56a823e8e33780d51d643f6e9ddf6d36325eb3743e68a05cac.incomplete'
Download complete. Moving file to /data/yangyi/nora/modified_libero_rlds/libero_10_no_noops/1.0.0/liber_o10-train.tfrecord-00025-of-00032
Downloading 'libero_10_no_noops/1.0.0/liber_o10-train.tfrecord-00026-of-00032' to '/data/yangyi/nora/modified_libero_rlds/.cache/huggingface/download/libero_10_no_noops/1.0.0/qoKm_cdz6zZG-Rta65-dOSn61dk=.6f75a98831c52cb4ff00cdd36bae175b5d4e723e70970f40684876542a1790a4.incomplete'
Download complete. Moving file to /data/yangyi/nora/modified_libero_rlds/libero_10_no_noops/1.0.0/liber_o10-train.tfrecord-00026-of-00032
Downloading 'libero_10_no_noops/1.0.0/liber_o10-train.tfrecord-00027-of-00032' to '/data/yangyi/nora/modified_libero_rlds/.cache/huggingface/download/libero_10_no_noops/1.0.0/U8pq5G2M7PWhRnKiJhhpeD5iQIo=.785595acf526876e69fd5a247f8ad24953a83e9f32320221014f1e5f1a434392.incomplete'
Download complete. Moving file to /data/yangyi/nora/modified_libero_rlds/libero_10_no_noops/1.0.0/liber_o10-train.tfrecord-00027-of-00032
Downloading 'libero_10_no_noops/1.0.0/liber_o10-train.tfrecord-00028-of-00032' to '/data/yangyi/nora/modified_libero_rlds/.cache/huggingface/download/libero_10_no_noops/1.0.0/gfOZiBZmgYSt_-IwxHyBqJFVVTQ=.b959fb430c2be6efb83345a0bcfdfd175ffc47fa741b9b2f4a625b3229747ec9.incomplete'
Download complete. Moving file to /data/yangyi/nora/modified_libero_rlds/libero_10_no_noops/1.0.0/liber_o10-train.tfrecord-00028-of-00032
Downloading 'libero_10_no_noops/1.0.0/liber_o10-train.tfrecord-00029-of-00032' to '/data/yangyi/nora/modified_libero_rlds/.cache/huggingface/download/libero_10_no_noops/1.0.0/bjerSa3LzHciB1MhHVSnWkjPDCA=.bff07af64d56032d91b2a663468b2925eb6cce12d914b6b1282dd3e9263813f2.incomplete'
Download complete. Moving file to /data/yangyi/nora/modified_libero_rlds/libero_10_no_noops/1.0.0/liber_o10-train.tfrecord-00029-of-00032
Downloading 'libero_10_no_noops/1.0.0/liber_o10-train.tfrecord-00030-of-00032' to '/data/yangyi/nora/modified_libero_rlds/.cache/huggingface/download/libero_10_no_noops/1.0.0/dn7C-pfbulxIbHqurAe3xQ3lF6w=.3b2b00f60c907425f2b765c5dc49d8b64fe8bfcf7e642e713005a484a0344d50.incomplete'
Download complete. Moving file to /data/yangyi/nora/modified_libero_rlds/libero_10_no_noops/1.0.0/liber_o10-train.tfrecord-00030-of-00032
Downloading 'libero_10_no_noops/1.0.0/liber_o10-train.tfrecord-00031-of-00032' to '/data/yangyi/nora/modified_libero_rlds/.cache/huggingface/download/libero_10_no_noops/1.0.0/-whCKN3VBjRLzFUGtA1jOb8LGgg=.9148196efbed67c14099d5a3d0830b6fb97cf8ac429dfbe72cd25da0107a9cfa.incomplete'
Download complete. Moving file to /data/yangyi/nora/modified_libero_rlds/libero_10_no_noops/1.0.0/liber_o10-train.tfrecord-00031-of-00032
Downloading 'libero_goal_no_noops/1.0.0/dataset_info.json' to '/data/yangyi/nora/modified_libero_rlds/.cache/huggingface/download/libero_goal_no_noops/1.0.0/B-DLGau7qji7FOiLDm71jNznmcU=.8615daa4270f9a0b60aacd1f479fb54139d27da4.incomplete'
Download complete. Moving file to /data/yangyi/nora/modified_libero_rlds/libero_goal_no_noops/1.0.0/dataset_info.json
Downloading 'libero_goal_no_noops/1.0.0/features.json' to '/data/yangyi/nora/modified_libero_rlds/.cache/huggingface/download/libero_goal_no_noops/1.0.0/lrjysyCGup8vrOWNy55Skwbctlw=.a5c8abcf90cb16a51b2e7900f4bdbdafa0566816.incomplete'
Download complete. Moving file to /data/yangyi/nora/modified_libero_rlds/libero_goal_no_noops/1.0.0/features.json
Downloading 'libero_goal_no_noops/1.0.0/libero_goal-train.tfrecord-00000-of-00016' to '/data/yangyi/nora/modified_libero_rlds/.cache/huggingface/download/libero_goal_no_noops/1.0.0/wrf48BUKrJrzfhP6zLmNpude8QY=.94ea50156819fe355e5ad821e86ef1b0314543afed22a0148159a5db29c8767f.incomplete'
Download complete. Moving file to /data/yangyi/nora/modified_libero_rlds/libero_goal_no_noops/1.0.0/libero_goal-train.tfrecord-00000-of-00016
Downloading 'libero_goal_no_noops/1.0.0/libero_goal-train.tfrecord-00001-of-00016' to '/data/yangyi/nora/modified_libero_rlds/.cache/huggingface/download/libero_goal_no_noops/1.0.0/i1XmfLx-L5KhyBJsQG1bjANUJi0=.1bb209f8d5d77a95f0f510082783a899146413fb0f4ddab98bc5e2f70788bd2e.incomplete'
Download complete. Moving file to /data/yangyi/nora/modified_libero_rlds/libero_goal_no_noops/1.0.0/libero_goal-train.tfrecord-00001-of-00016
Downloading 'libero_goal_no_noops/1.0.0/libero_goal-train.tfrecord-00002-of-00016' to '/data/yangyi/nora/modified_libero_rlds/.cache/huggingface/download/libero_goal_no_noops/1.0.0/RAOi6dO06DnmltYsuskHGjXlFjU=.ffa8312c784d21a2153368af117111160b2284dc5516f106c10302d33e649372.incomplete'
Download complete. Moving file to /data/yangyi/nora/modified_libero_rlds/libero_goal_no_noops/1.0.0/libero_goal-train.tfrecord-00002-of-00016
Downloading 'libero_goal_no_noops/1.0.0/libero_goal-train.tfrecord-00003-of-00016' to '/data/yangyi/nora/modified_libero_rlds/.cache/huggingface/download/libero_goal_no_noops/1.0.0/KgeHcKUtpmi5Ji2NPMR8qOpYfO4=.b9aa699ed4816392385887c1480491a046cf8138e72f77f60eb8b74573179cd5.incomplete'
Download complete. Moving file to /data/yangyi/nora/modified_libero_rlds/libero_goal_no_noops/1.0.0/libero_goal-train.tfrecord-00003-of-00016
Downloading 'libero_goal_no_noops/1.0.0/libero_goal-train.tfrecord-00004-of-00016' to '/data/yangyi/nora/modified_libero_rlds/.cache/huggingface/download/libero_goal_no_noops/1.0.0/5S2Z2TQM7u9-QVmYKF589qp40kM=.f6b81eb1bebc367af3296fc00347c3e7baaf93f2317fefcd18099c4de31513ec.incomplete'
Download complete. Moving file to /data/yangyi/nora/modified_libero_rlds/libero_goal_no_noops/1.0.0/libero_goal-train.tfrecord-00004-of-00016
Downloading 'libero_goal_no_noops/1.0.0/libero_goal-train.tfrecord-00005-of-00016' to '/data/yangyi/nora/modified_libero_rlds/.cache/huggingface/download/libero_goal_no_noops/1.0.0/4YlLCez-nfvuHRIudjwPnPahu5s=.c2895f15b5b213ef6a470c217b673bd07fbd9c133294c06f9cfd9abf3143c17f.incomplete'
Download complete. Moving file to /data/yangyi/nora/modified_libero_rlds/libero_goal_no_noops/1.0.0/libero_goal-train.tfrecord-00005-of-00016
Downloading 'libero_goal_no_noops/1.0.0/libero_goal-train.tfrecord-00006-of-00016' to '/data/yangyi/nora/modified_libero_rlds/.cache/huggingface/download/libero_goal_no_noops/1.0.0/M1W7uR3X-d1C2zjnsWM8bZ7Sq-A=.ebc1edaeeaa0bee2920b9ee56b1b42714e60644b1598b806bd48b1cf5e65de9c.incomplete'
Download complete. Moving file to /data/yangyi/nora/modified_libero_rlds/libero_goal_no_noops/1.0.0/libero_goal-train.tfrecord-00006-of-00016
Downloading 'libero_goal_no_noops/1.0.0/libero_goal-train.tfrecord-00007-of-00016' to '/data/yangyi/nora/modified_libero_rlds/.cache/huggingface/download/libero_goal_no_noops/1.0.0/yH_LS1fhZKJ8Py_nAM6PtqDZ8xM=.2b3f5728d7384517898a750ff708dbd9083bf00246b83b6eb4b3fd94e77e01b7.incomplete'
Download complete. Moving file to /data/yangyi/nora/modified_libero_rlds/libero_goal_no_noops/1.0.0/libero_goal-train.tfrecord-00007-of-00016
Downloading 'libero_goal_no_noops/1.0.0/libero_goal-train.tfrecord-00008-of-00016' to '/data/yangyi/nora/modified_libero_rlds/.cache/huggingface/download/libero_goal_no_noops/1.0.0/u6kT-JtbTcXOPetyoRAtzNUdipk=.479dc1e3ff5430005cfe967f81e35762119eba6b20b0e5fe439aacfb0ef904c4.incomplete'
Download complete. Moving file to /data/yangyi/nora/modified_libero_rlds/libero_goal_no_noops/1.0.0/libero_goal-train.tfrecord-00008-of-00016
Downloading 'libero_goal_no_noops/1.0.0/libero_goal-train.tfrecord-00009-of-00016' to '/data/yangyi/nora/modified_libero_rlds/.cache/huggingface/download/libero_goal_no_noops/1.0.0/OMTnGJJWsGWUnzWZIbSECe-DTfQ=.27bf26e815c83654633f9201a59c76bd16d79584ffd68bb161ffad6500d01601.incomplete'
Download complete. Moving file to /data/yangyi/nora/modified_libero_rlds/libero_goal_no_noops/1.0.0/libero_goal-train.tfrecord-00009-of-00016
Downloading 'libero_goal_no_noops/1.0.0/libero_goal-train.tfrecord-00010-of-00016' to '/data/yangyi/nora/modified_libero_rlds/.cache/huggingface/download/libero_goal_no_noops/1.0.0/eceMBkPx2otefB466MC1FSgS-_I=.ae12850fa7a6da575c05a964633154adb02bd3e51e9cd2c0bcee587ada0b3c84.incomplete'
Download complete. Moving file to /data/yangyi/nora/modified_libero_rlds/libero_goal_no_noops/1.0.0/libero_goal-train.tfrecord-00010-of-00016
Downloading 'libero_goal_no_noops/1.0.0/libero_goal-train.tfrecord-00011-of-00016' to '/data/yangyi/nora/modified_libero_rlds/.cache/huggingface/download/libero_goal_no_noops/1.0.0/ysfNwDoWqPKKSub5QZumA28vhs0=.e3d9595b066bc0474c6904ce5092e86d669e2d0babf4b74d2180dce5bb7547e1.incomplete'
Download complete. Moving file to /data/yangyi/nora/modified_libero_rlds/libero_goal_no_noops/1.0.0/libero_goal-train.tfrecord-00011-of-00016
Downloading 'libero_goal_no_noops/1.0.0/libero_goal-train.tfrecord-00012-of-00016' to '/data/yangyi/nora/modified_libero_rlds/.cache/huggingface/download/libero_goal_no_noops/1.0.0/9Vaw1x6TdDlyZHFuTp4Ll-5cSNM=.337753daa622ec0c85b435f2bd87f2660fe7ea5b7801b0f795e728cd194fc86a.incomplete'
Download complete. Moving file to /data/yangyi/nora/modified_libero_rlds/libero_goal_no_noops/1.0.0/libero_goal-train.tfrecord-00012-of-00016
Downloading 'libero_goal_no_noops/1.0.0/libero_goal-train.tfrecord-00013-of-00016' to '/data/yangyi/nora/modified_libero_rlds/.cache/huggingface/download/libero_goal_no_noops/1.0.0/5Kmks5zZ6decekL_JnEYG-EUXdA=.e8880557ec605de0cf9fb4005e563bd95ee6c848fc8e6ebfc43a7934c5feea76.incomplete'
Download complete. Moving file to /data/yangyi/nora/modified_libero_rlds/libero_goal_no_noops/1.0.0/libero_goal-train.tfrecord-00013-of-00016
Downloading 'libero_goal_no_noops/1.0.0/libero_goal-train.tfrecord-00014-of-00016' to '/data/yangyi/nora/modified_libero_rlds/.cache/huggingface/download/libero_goal_no_noops/1.0.0/id9cEgYQ8luyIQk4gKCYnUtqrhs=.1983d4bcb8085dcc19f4b956f763e0443288fce2485fdc5df942b84dcca6a2e4.incomplete'
Download complete. Moving file to /data/yangyi/nora/modified_libero_rlds/libero_goal_no_noops/1.0.0/libero_goal-train.tfrecord-00014-of-00016
Downloading 'libero_goal_no_noops/1.0.0/libero_goal-train.tfrecord-00015-of-00016' to '/data/yangyi/nora/modified_libero_rlds/.cache/huggingface/download/libero_goal_no_noops/1.0.0/tsoQW3gPLp9qP2wSFfLxGTweKq8=.1f23cf777b20027c533b4c0e6fc9896893a85afe90251fee0dfc588d86a99bb6.incomplete'
Download complete. Moving file to /data/yangyi/nora/modified_libero_rlds/libero_goal_no_noops/1.0.0/libero_goal-train.tfrecord-00015-of-00016
Downloading 'libero_object_no_noops/1.0.0/dataset_info.json' to '/data/yangyi/nora/modified_libero_rlds/.cache/huggingface/download/libero_object_no_noops/1.0.0/B-DLGau7qji7FOiLDm71jNznmcU=.fb61983fb0613e4bb12ab239969812832449d4fa.incomplete'
Download complete. Moving file to /data/yangyi/nora/modified_libero_rlds/libero_object_no_noops/1.0.0/dataset_info.json
Downloading 'libero_object_no_noops/1.0.0/features.json' to '/data/yangyi/nora/modified_libero_rlds/.cache/huggingface/download/libero_object_no_noops/1.0.0/lrjysyCGup8vrOWNy55Skwbctlw=.a5c8abcf90cb16a51b2e7900f4bdbdafa0566816.incomplete'
Download complete. Moving file to /data/yangyi/nora/modified_libero_rlds/libero_object_no_noops/1.0.0/features.json
Downloading 'libero_object_no_noops/1.0.0/libero_object-train.tfrecord-00000-of-00032' to '/data/yangyi/nora/modified_libero_rlds/.cache/huggingface/download/libero_object_no_noops/1.0.0/RVuo-K4OIXOZ9X1H7t0FwyQcvwM=.0678b01f1119f77c5c0387a73857dbc16fc60dcffa3bbbec17c30df5fcef374a.incomplete'
Download complete. Moving file to /data/yangyi/nora/modified_libero_rlds/libero_object_no_noops/1.0.0/libero_object-train.tfrecord-00000-of-00032
Downloading 'libero_object_no_noops/1.0.0/libero_object-train.tfrecord-00001-of-00032' to '/data/yangyi/nora/modified_libero_rlds/.cache/huggingface/download/libero_object_no_noops/1.0.0/bYb50sT6D0z_Ym5_Tdp3dEbvKjs=.55d2c3b1dbd2b5ae5c83e3c552790b0eaaca09f3947daadf77586450565dc741.incomplete'
Download complete. Moving file to /data/yangyi/nora/modified_libero_rlds/libero_object_no_noops/1.0.0/libero_object-train.tfrecord-00001-of-00032
Downloading 'libero_object_no_noops/1.0.0/libero_object-train.tfrecord-00002-of-00032' to '/data/yangyi/nora/modified_libero_rlds/.cache/huggingface/download/libero_object_no_noops/1.0.0/2WsyUB5u-3LgX8uxQpJGyE1rrUY=.faf67f4bbe796620975b9600d0e7f5c3ee49013efd81a5051d38569184e09abf.incomplete'
Download complete. Moving file to /data/yangyi/nora/modified_libero_rlds/libero_object_no_noops/1.0.0/libero_object-train.tfrecord-00002-of-00032
Downloading 'libero_object_no_noops/1.0.0/libero_object-train.tfrecord-00003-of-00032' to '/data/yangyi/nora/modified_libero_rlds/.cache/huggingface/download/libero_object_no_noops/1.0.0/4SuIvF3-AUI4k8XBbb6E41EWRPg=.c7ebe9e12eb73ad8cfd6702231e3e89fa9e7ed72f609433f98cf70e6966d4661.incomplete'
Download complete. Moving file to /data/yangyi/nora/modified_libero_rlds/libero_object_no_noops/1.0.0/libero_object-train.tfrecord-00003-of-00032
Downloading 'libero_object_no_noops/1.0.0/libero_object-train.tfrecord-00004-of-00032' to '/data/yangyi/nora/modified_libero_rlds/.cache/huggingface/download/libero_object_no_noops/1.0.0/OeTvZISZxCE_oIYd22BXgIozQS0=.9a435842a7f712d6ca8d0977dda3327ba806d8f1f73c597250f74610b4d3d860.incomplete'
Download complete. Moving file to /data/yangyi/nora/modified_libero_rlds/libero_object_no_noops/1.0.0/libero_object-train.tfrecord-00004-of-00032
Downloading 'libero_object_no_noops/1.0.0/libero_object-train.tfrecord-00005-of-00032' to '/data/yangyi/nora/modified_libero_rlds/.cache/huggingface/download/libero_object_no_noops/1.0.0/Tkg1yWClHj8iYuw7237ljW3n6bQ=.87a67f60af45aa7f3dbc4efcb22fba1a2f0bef21123074775ab0068a6e48ed16.incomplete'
Download complete. Moving file to /data/yangyi/nora/modified_libero_rlds/libero_object_no_noops/1.0.0/libero_object-train.tfrecord-00005-of-00032
Downloading 'libero_object_no_noops/1.0.0/libero_object-train.tfrecord-00006-of-00032' to '/data/yangyi/nora/modified_libero_rlds/.cache/huggingface/download/libero_object_no_noops/1.0.0/fzWzWPH20Gjd192rzQyt5JZK1qw=.cd3520d52af8f36b3756e9598e16e6c0125dc191713b3a020b0f7b6c87be5e6f.incomplete'
Download complete. Moving file to /data/yangyi/nora/modified_libero_rlds/libero_object_no_noops/1.0.0/libero_object-train.tfrecord-00006-of-00032
Downloading 'libero_object_no_noops/1.0.0/libero_object-train.tfrecord-00007-of-00032' to '/data/yangyi/nora/modified_libero_rlds/.cache/huggingface/download/libero_object_no_noops/1.0.0/VqwSNVF8Phs4DodPgUXNuBph2dc=.4511b24f46621d0d4fabdda913d96af7ff5c1a52e299d009d5477e73f6c0b529.incomplete'
Download complete. Moving file to /data/yangyi/nora/modified_libero_rlds/libero_object_no_noops/1.0.0/libero_object-train.tfrecord-00007-of-00032
Downloading 'libero_object_no_noops/1.0.0/libero_object-train.tfrecord-00008-of-00032' to '/data/yangyi/nora/modified_libero_rlds/.cache/huggingface/download/libero_object_no_noops/1.0.0/XDSyKS8AG2PsdeOuExyV8fsEcB0=.cd5d3e2b04d5ecf955c74a8fa501d5d89570fae67a22ecc5a056332f31d91162.incomplete'
Download complete. Moving file to /data/yangyi/nora/modified_libero_rlds/libero_object_no_noops/1.0.0/libero_object-train.tfrecord-00008-of-00032
Downloading 'libero_object_no_noops/1.0.0/libero_object-train.tfrecord-00009-of-00032' to '/data/yangyi/nora/modified_libero_rlds/.cache/huggingface/download/libero_object_no_noops/1.0.0/ydCeecOUd4EUnF1O2nQ6baijSMA=.fbb46b8a6e63a7caf82f6ea0bd37fd02e697dcfad451d86c7eee454b635d06dc.incomplete'
Download complete. Moving file to /data/yangyi/nora/modified_libero_rlds/libero_object_no_noops/1.0.0/libero_object-train.tfrecord-00009-of-00032
Downloading 'libero_object_no_noops/1.0.0/libero_object-train.tfrecord-00010-of-00032' to '/data/yangyi/nora/modified_libero_rlds/.cache/huggingface/download/libero_object_no_noops/1.0.0/1qB-vPPCmqrJEPnAzKcGeDDfd_E=.0f7988096212d79c74c551825e4be47c15094a8887953dc574b7e7bafe8bcd23.incomplete'
Download complete. Moving file to /data/yangyi/nora/modified_libero_rlds/libero_object_no_noops/1.0.0/libero_object-train.tfrecord-00010-of-00032
Downloading 'libero_object_no_noops/1.0.0/libero_object-train.tfrecord-00011-of-00032' to '/data/yangyi/nora/modified_libero_rlds/.cache/huggingface/download/libero_object_no_noops/1.0.0/qLrozbxerKemcLRXxpkfb8PJp3o=.6a3620bee70264686529ddb4ffcc728d1270aa8e81e8589d2a53ead08f1c2dc3.incomplete'
Download complete. Moving file to /data/yangyi/nora/modified_libero_rlds/libero_object_no_noops/1.0.0/libero_object-train.tfrecord-00011-of-00032
Downloading 'libero_object_no_noops/1.0.0/libero_object-train.tfrecord-00012-of-00032' to '/data/yangyi/nora/modified_libero_rlds/.cache/huggingface/download/libero_object_no_noops/1.0.0/MSwldoIOBYXv3sNz_7_BZBShtIg=.9896d85c14758975d2e33ee53e331a9eee9e6d22a080b9351e93e7b87b532d6d.incomplete'
Download complete. Moving file to /data/yangyi/nora/modified_libero_rlds/libero_object_no_noops/1.0.0/libero_object-train.tfrecord-00012-of-00032
Downloading 'libero_object_no_noops/1.0.0/libero_object-train.tfrecord-00013-of-00032' to '/data/yangyi/nora/modified_libero_rlds/.cache/huggingface/download/libero_object_no_noops/1.0.0/D4mkpg64AZGSj-cZJz4a0q9erI4=.61ac715e3e4468dd858e48a6def67cdac3a701a1e8ce242e177e1c82aac903ec.incomplete'
Download complete. Moving file to /data/yangyi/nora/modified_libero_rlds/libero_object_no_noops/1.0.0/libero_object-train.tfrecord-00013-of-00032
Downloading 'libero_object_no_noops/1.0.0/libero_object-train.tfrecord-00014-of-00032' to '/data/yangyi/nora/modified_libero_rlds/.cache/huggingface/download/libero_object_no_noops/1.0.0/h1Yc3Akrm3hCICetYTqehKflgxk=.9d127c955d2c1a23cb1e0a339503f9c467692d794c14f3dd37742e2f0fd4ed2d.incomplete'
Download complete. Moving file to /data/yangyi/nora/modified_libero_rlds/libero_object_no_noops/1.0.0/libero_object-train.tfrecord-00014-of-00032
Downloading 'libero_object_no_noops/1.0.0/libero_object-train.tfrecord-00015-of-00032' to '/data/yangyi/nora/modified_libero_rlds/.cache/huggingface/download/libero_object_no_noops/1.0.0/sQqTnMDkC5veU0ONcJk5RaiJ4NM=.47a0e22085257e81c23534753046d0f1e939a616981b9360d79c140e1e9b8df1.incomplete'
Download complete. Moving file to /data/yangyi/nora/modified_libero_rlds/libero_object_no_noops/1.0.0/libero_object-train.tfrecord-00015-of-00032
Downloading 'libero_object_no_noops/1.0.0/libero_object-train.tfrecord-00016-of-00032' to '/data/yangyi/nora/modified_libero_rlds/.cache/huggingface/download/libero_object_no_noops/1.0.0/e3fAEGWmEel5jH7N4XdcZaQSHGI=.91bbbff07e44acfdf136f58c4113f50c028700038248541a03e5ae03b507ae6e.incomplete'
Download complete. Moving file to /data/yangyi/nora/modified_libero_rlds/libero_object_no_noops/1.0.0/libero_object-train.tfrecord-00016-of-00032
Downloading 'libero_object_no_noops/1.0.0/libero_object-train.tfrecord-00017-of-00032' to '/data/yangyi/nora/modified_libero_rlds/.cache/huggingface/download/libero_object_no_noops/1.0.0/fHVHvCYAXtRLw3JaU5wOt9vYd8M=.b9f9689e402a3aaa1cb7f95fade885654b94188b2212181bdc2ccd986faa6116.incomplete'
Download complete. Moving file to /data/yangyi/nora/modified_libero_rlds/libero_object_no_noops/1.0.0/libero_object-train.tfrecord-00017-of-00032
Downloading 'libero_object_no_noops/1.0.0/libero_object-train.tfrecord-00018-of-00032' to '/data/yangyi/nora/modified_libero_rlds/.cache/huggingface/download/libero_object_no_noops/1.0.0/i0moBqRnfDLcQTcHdxmNjDhtIn0=.f18769a5a501ab5198b1d15a8f9b0bde6723e408d9673ce48b5da5a36d02fa1c.incomplete'
Download complete. Moving file to /data/yangyi/nora/modified_libero_rlds/libero_object_no_noops/1.0.0/libero_object-train.tfrecord-00018-of-00032
Downloading 'libero_object_no_noops/1.0.0/libero_object-train.tfrecord-00019-of-00032' to '/data/yangyi/nora/modified_libero_rlds/.cache/huggingface/download/libero_object_no_noops/1.0.0/3IqZeE2ONbfmYkqmnGPE18lzyBY=.22e6414c2fa1d9d80caf71055041155fd5aafce983813c7f958ee93e9772c972.incomplete'
Download complete. Moving file to /data/yangyi/nora/modified_libero_rlds/libero_object_no_noops/1.0.0/libero_object-train.tfrecord-00019-of-00032
Downloading 'libero_object_no_noops/1.0.0/libero_object-train.tfrecord-00020-of-00032' to '/data/yangyi/nora/modified_libero_rlds/.cache/huggingface/download/libero_object_no_noops/1.0.0/w2MJHvGqtY01A7woXdw_o8vPmW8=.8cceb42dd8ddc9fb9a7b17d2e10a3fb62bf6c876f3a6e32e68abef415e16a14c.incomplete'
Download complete. Moving file to /data/yangyi/nora/modified_libero_rlds/libero_object_no_noops/1.0.0/libero_object-train.tfrecord-00020-of-00032
Downloading 'libero_object_no_noops/1.0.0/libero_object-train.tfrecord-00021-of-00032' to '/data/yangyi/nora/modified_libero_rlds/.cache/huggingface/download/libero_object_no_noops/1.0.0/OGDxyhBKAT5_y7Iim-HaRJyXGOk=.dfb30fa5676c2853b84e10a5d7184f89c324efcad93a1c86865c55f62564ab75.incomplete'
Download complete. Moving file to /data/yangyi/nora/modified_libero_rlds/libero_object_no_noops/1.0.0/libero_object-train.tfrecord-00021-of-00032
Downloading 'libero_object_no_noops/1.0.0/libero_object-train.tfrecord-00022-of-00032' to '/data/yangyi/nora/modified_libero_rlds/.cache/huggingface/download/libero_object_no_noops/1.0.0/_chwPIm2Z97GgBYZEcOcBTdpzaU=.5e27eb364c48a3cf695d59f7be2ce1ed1ab21c09072286728359f24a2bbf0819.incomplete'
Download complete. Moving file to /data/yangyi/nora/modified_libero_rlds/libero_object_no_noops/1.0.0/libero_object-train.tfrecord-00022-of-00032
Downloading 'libero_object_no_noops/1.0.0/libero_object-train.tfrecord-00023-of-00032' to '/data/yangyi/nora/modified_libero_rlds/.cache/huggingface/download/libero_object_no_noops/1.0.0/0CpgHRC79fzg7xY-AgiznSgl3xM=.45d71178d22b95cb37b4063c231a2b724a64443bff4508f316e3499cbcff1f32.incomplete'
Download complete. Moving file to /data/yangyi/nora/modified_libero_rlds/libero_object_no_noops/1.0.0/libero_object-train.tfrecord-00023-of-00032
Downloading 'libero_object_no_noops/1.0.0/libero_object-train.tfrecord-00024-of-00032' to '/data/yangyi/nora/modified_libero_rlds/.cache/huggingface/download/libero_object_no_noops/1.0.0/qS1Ydd_jrgQhWXRbL7HyoPmZoVE=.213647a165d82b55e62dd139193c82faf53fc5d58ec2031dfad077bf1da23b8d.incomplete'
Download complete. Moving file to /data/yangyi/nora/modified_libero_rlds/libero_object_no_noops/1.0.0/libero_object-train.tfrecord-00024-of-00032
Downloading 'libero_object_no_noops/1.0.0/libero_object-train.tfrecord-00025-of-00032' to '/data/yangyi/nora/modified_libero_rlds/.cache/huggingface/download/libero_object_no_noops/1.0.0/0WqYYdtwhabfoqXBIp_Zm6Zp9KA=.7570d78fe652dbf5728c83690218f49b03c9a3a47cd0a0f3c421b94c641fef1e.incomplete'
Download complete. Moving file to /data/yangyi/nora/modified_libero_rlds/libero_object_no_noops/1.0.0/libero_object-train.tfrecord-00025-of-00032
Downloading 'libero_object_no_noops/1.0.0/libero_object-train.tfrecord-00026-of-00032' to '/data/yangyi/nora/modified_libero_rlds/.cache/huggingface/download/libero_object_no_noops/1.0.0/ovCfGNfBGCweeAPl3Mb9Sh2vW4Y=.61498ecc85eb80adb8a4e9777848c33b8b4bcc61f37f50b12d1f334d72373db5.incomplete'
Download complete. Moving file to /data/yangyi/nora/modified_libero_rlds/libero_object_no_noops/1.0.0/libero_object-train.tfrecord-00026-of-00032
Downloading 'libero_object_no_noops/1.0.0/libero_object-train.tfrecord-00027-of-00032' to '/data/yangyi/nora/modified_libero_rlds/.cache/huggingface/download/libero_object_no_noops/1.0.0/WQS_zvQ3Hj8Ul4wR8E4f3nJbXYk=.067aaec0f78d4a2d32332c514274f3b004a9838bab45af8fb0fede4cbb5675f7.incomplete'
Download complete. Moving file to /data/yangyi/nora/modified_libero_rlds/libero_object_no_noops/1.0.0/libero_object-train.tfrecord-00027-of-00032
Downloading 'libero_object_no_noops/1.0.0/libero_object-train.tfrecord-00028-of-00032' to '/data/yangyi/nora/modified_libero_rlds/.cache/huggingface/download/libero_object_no_noops/1.0.0/xwM_bgr5iwM_nvDUsIf3ccfL9oQ=.9580d31ca6db071ae6ab71258ee944b80cedfa459e9f791a82c09918776bd30a.incomplete'
Download complete. Moving file to /data/yangyi/nora/modified_libero_rlds/libero_object_no_noops/1.0.0/libero_object-train.tfrecord-00028-of-00032
Downloading 'libero_object_no_noops/1.0.0/libero_object-train.tfrecord-00029-of-00032' to '/data/yangyi/nora/modified_libero_rlds/.cache/huggingface/download/libero_object_no_noops/1.0.0/JsT3Peacuxo0HlUyA8XUiQSzcgA=.7bf041b7cfcd2abf9c658c12dc0065b3545b3218f929db7419d7c8ee8fe29151.incomplete'
Download complete. Moving file to /data/yangyi/nora/modified_libero_rlds/libero_object_no_noops/1.0.0/libero_object-train.tfrecord-00029-of-00032
Downloading 'libero_object_no_noops/1.0.0/libero_object-train.tfrecord-00030-of-00032' to '/data/yangyi/nora/modified_libero_rlds/.cache/huggingface/download/libero_object_no_noops/1.0.0/tuYXdZDrH8bA9ROWMBjZxUI4I6A=.8fdcf7b87052dc7abb94991a424c59923bdd81fe69aa77926ae846268ad1fc4f.incomplete'
Download complete. Moving file to /data/yangyi/nora/modified_libero_rlds/libero_object_no_noops/1.0.0/libero_object-train.tfrecord-00030-of-00032
Downloading 'libero_object_no_noops/1.0.0/libero_object-train.tfrecord-00031-of-00032' to '/data/yangyi/nora/modified_libero_rlds/.cache/huggingface/download/libero_object_no_noops/1.0.0/ih3YHamFi8IvI0AfLTJeo8XKPwI=.1c8ca9cbb1994467a4e180a915dbdbde405a3ceab33f44e1092c7b8f675783b5.incomplete'
Download complete. Moving file to /data/yangyi/nora/modified_libero_rlds/libero_object_no_noops/1.0.0/libero_object-train.tfrecord-00031-of-00032
Downloading 'libero_spatial_no_noops/1.0.0/dataset_info.json' to '/data/yangyi/nora/modified_libero_rlds/.cache/huggingface/download/libero_spatial_no_noops/1.0.0/B-DLGau7qji7FOiLDm71jNznmcU=.bcb0f88588084c51e1a6d68bca3e3791030fa8fc.incomplete'
Download complete. Moving file to /data/yangyi/nora/modified_libero_rlds/libero_spatial_no_noops/1.0.0/dataset_info.json
Downloading 'libero_spatial_no_noops/1.0.0/features.json' to '/data/yangyi/nora/modified_libero_rlds/.cache/huggingface/download/libero_spatial_no_noops/1.0.0/lrjysyCGup8vrOWNy55Skwbctlw=.a5c8abcf90cb16a51b2e7900f4bdbdafa0566816.incomplete'
Download complete. Moving file to /data/yangyi/nora/modified_libero_rlds/libero_spatial_no_noops/1.0.0/features.json
Downloading 'libero_spatial_no_noops/1.0.0/libero_spatial-train.tfrecord-00000-of-00016' to '/data/yangyi/nora/modified_libero_rlds/.cache/huggingface/download/libero_spatial_no_noops/1.0.0/7eGhcPCpYhOVC_L6wUEtzhK6AZM=.6d6360559a4b71df3bcabd9b55a75451f04375449ca5267616cbc1c21528eac5.incomplete'
Download complete. Moving file to /data/yangyi/nora/modified_libero_rlds/libero_spatial_no_noops/1.0.0/libero_spatial-train.tfrecord-00000-of-00016
Downloading 'libero_spatial_no_noops/1.0.0/libero_spatial-train.tfrecord-00001-of-00016' to '/data/yangyi/nora/modified_libero_rlds/.cache/huggingface/download/libero_spatial_no_noops/1.0.0/WsMuYE2D8dOlPmTf72-HeJOwuOE=.9b0c706e9796304dbc40be5f0ccf6a407a471cd3aecbecfc3baab2af26a2a631.incomplete'
Download complete. Moving file to /data/yangyi/nora/modified_libero_rlds/libero_spatial_no_noops/1.0.0/libero_spatial-train.tfrecord-00001-of-00016
Downloading 'libero_spatial_no_noops/1.0.0/libero_spatial-train.tfrecord-00002-of-00016' to '/data/yangyi/nora/modified_libero_rlds/.cache/huggingface/download/libero_spatial_no_noops/1.0.0/dcod2HXbUKYI2KgXqeg5fT2aC80=.e2be727ff29840040cecbce68ee17d7118129cc64d58c2a60ea38967a7482456.incomplete'
Download complete. Moving file to /data/yangyi/nora/modified_libero_rlds/libero_spatial_no_noops/1.0.0/libero_spatial-train.tfrecord-00002-of-00016
Downloading 'libero_spatial_no_noops/1.0.0/libero_spatial-train.tfrecord-00003-of-00016' to '/data/yangyi/nora/modified_libero_rlds/.cache/huggingface/download/libero_spatial_no_noops/1.0.0/Iknbje4JJDLVtQGvo-9aizL2svQ=.ca5c55cef57390f3e3c8a4ef0cbfe8b155b9f7e5a8b37c993f676faecbe25a3a.incomplete'
Download complete. Moving file to /data/yangyi/nora/modified_libero_rlds/libero_spatial_no_noops/1.0.0/libero_spatial-train.tfrecord-00003-of-00016
Downloading 'libero_spatial_no_noops/1.0.0/libero_spatial-train.tfrecord-00004-of-00016' to '/data/yangyi/nora/modified_libero_rlds/.cache/huggingface/download/libero_spatial_no_noops/1.0.0/4CX5OGe4KhmE4QnK9ktpbhyZPJ4=.c29887f8cee8d761439ec865884b8ba1877a3c3d2d886f1f0e802b93b863f268.incomplete'
Download complete. Moving file to /data/yangyi/nora/modified_libero_rlds/libero_spatial_no_noops/1.0.0/libero_spatial-train.tfrecord-00004-of-00016
Downloading 'libero_spatial_no_noops/1.0.0/libero_spatial-train.tfrecord-00005-of-00016' to '/data/yangyi/nora/modified_libero_rlds/.cache/huggingface/download/libero_spatial_no_noops/1.0.0/JHbIr05YL4vooybh_1600o-ivI0=.58dddf6a314a3c2fa6db405bf185313f0984f1778db84bcc9799279fbf5cca26.incomplete'
Download complete. Moving file to /data/yangyi/nora/modified_libero_rlds/libero_spatial_no_noops/1.0.0/libero_spatial-train.tfrecord-00005-of-00016
Downloading 'libero_spatial_no_noops/1.0.0/libero_spatial-train.tfrecord-00006-of-00016' to '/data/yangyi/nora/modified_libero_rlds/.cache/huggingface/download/libero_spatial_no_noops/1.0.0/ApBPOcWrCfiAXFgX0eG5fdwPNOU=.2dfaef9cfc3786ca2b99124f220bb883c654e173fd77a1da2d77d6ae50a16373.incomplete'
Download complete. Moving file to /data/yangyi/nora/modified_libero_rlds/libero_spatial_no_noops/1.0.0/libero_spatial-train.tfrecord-00006-of-00016
Downloading 'libero_spatial_no_noops/1.0.0/libero_spatial-train.tfrecord-00007-of-00016' to '/data/yangyi/nora/modified_libero_rlds/.cache/huggingface/download/libero_spatial_no_noops/1.0.0/45C5A9pd76rIRjDXm70vcijcHsU=.e86de6f6a090f7abe323debf91a04f6e19e4b22a8fe87ca40a244b4f3304fd28.incomplete'
Download complete. Moving file to /data/yangyi/nora/modified_libero_rlds/libero_spatial_no_noops/1.0.0/libero_spatial-train.tfrecord-00007-of-00016
Downloading 'libero_spatial_no_noops/1.0.0/libero_spatial-train.tfrecord-00008-of-00016' to '/data/yangyi/nora/modified_libero_rlds/.cache/huggingface/download/libero_spatial_no_noops/1.0.0/1V4l9VDWKK09cypSIi6Y6oIStiQ=.7d787a79b404b65b8cd213e004359908c2a00473531992abec7d580efce6d722.incomplete'
Download complete. Moving file to /data/yangyi/nora/modified_libero_rlds/libero_spatial_no_noops/1.0.0/libero_spatial-train.tfrecord-00008-of-00016
Downloading 'libero_spatial_no_noops/1.0.0/libero_spatial-train.tfrecord-00009-of-00016' to '/data/yangyi/nora/modified_libero_rlds/.cache/huggingface/download/libero_spatial_no_noops/1.0.0/X0BocAWVT2-akRsn8KOYj1TUNjk=.917d05bb4c3f9938b75e08c7344e2282f72d1be97a6b20ea9938dc25ef573612.incomplete'
Download complete. Moving file to /data/yangyi/nora/modified_libero_rlds/libero_spatial_no_noops/1.0.0/libero_spatial-train.tfrecord-00009-of-00016
Downloading 'libero_spatial_no_noops/1.0.0/libero_spatial-train.tfrecord-00010-of-00016' to '/data/yangyi/nora/modified_libero_rlds/.cache/huggingface/download/libero_spatial_no_noops/1.0.0/ke6b_nhwt254n344zrOsEHaiAXE=.ffa2df4872379462dcbb76e79fb79eb14770530ccfdad0ba2f676f80ed583cff.incomplete'
Download complete. Moving file to /data/yangyi/nora/modified_libero_rlds/libero_spatial_no_noops/1.0.0/libero_spatial-train.tfrecord-00010-of-00016
Downloading 'libero_spatial_no_noops/1.0.0/libero_spatial-train.tfrecord-00011-of-00016' to '/data/yangyi/nora/modified_libero_rlds/.cache/huggingface/download/libero_spatial_no_noops/1.0.0/CnSPOpsMTRIkfkcJMeVsrxoXPTc=.561b132619aa8980d125ee4bac6543e1ad3f1fee4bfe9b2a81877bcb2dab829a.incomplete'
Download complete. Moving file to /data/yangyi/nora/modified_libero_rlds/libero_spatial_no_noops/1.0.0/libero_spatial-train.tfrecord-00011-of-00016
Downloading 'libero_spatial_no_noops/1.0.0/libero_spatial-train.tfrecord-00012-of-00016' to '/data/yangyi/nora/modified_libero_rlds/.cache/huggingface/download/libero_spatial_no_noops/1.0.0/dUeeqA6KxfLmHmJtF2ZngmiPHhA=.d7bf2ea3e7f42a4b942d1661fad0160745062627cedb9f7e94f06c809e2fb3af.incomplete'
Download complete. Moving file to /data/yangyi/nora/modified_libero_rlds/libero_spatial_no_noops/1.0.0/libero_spatial-train.tfrecord-00012-of-00016
Downloading 'libero_spatial_no_noops/1.0.0/libero_spatial-train.tfrecord-00013-of-00016' to '/data/yangyi/nora/modified_libero_rlds/.cache/huggingface/download/libero_spatial_no_noops/1.0.0/CfwuErPknSOzoS4Z5HE009yHF1I=.ba8aafffa7d4bd741f21b1fca95ebf952b201f2b8440a8e140fab00dd82494b0.incomplete'
Download complete. Moving file to /data/yangyi/nora/modified_libero_rlds/libero_spatial_no_noops/1.0.0/libero_spatial-train.tfrecord-00013-of-00016
Downloading 'libero_spatial_no_noops/1.0.0/libero_spatial-train.tfrecord-00014-of-00016' to '/data/yangyi/nora/modified_libero_rlds/.cache/huggingface/download/libero_spatial_no_noops/1.0.0/wB0o6nj1QeQ0jTwF5t80zsBvySM=.6c432441521c78f87ce61e5886faa563b48869410c3d38d82b21f0de8e1a98b2.incomplete'
Download complete. Moving file to /data/yangyi/nora/modified_libero_rlds/libero_spatial_no_noops/1.0.0/libero_spatial-train.tfrecord-00014-of-00016
Downloading 'libero_spatial_no_noops/1.0.0/libero_spatial-train.tfrecord-00015-of-00016' to '/data/yangyi/nora/modified_libero_rlds/.cache/huggingface/download/libero_spatial_no_noops/1.0.0/AmqwQMt_sXK6gojpKuarIv6lxlA=.d58bd00542030bf10bafe262d7e294b36f8347f70a783d83bce14ef6375b953c.incomplete'
Download complete. Moving file to /data/yangyi/nora/modified_libero_rlds/libero_spatial_no_noops/1.0.0/libero_spatial-train.tfrecord-00015-of-00016
/data/yangyi/nora/modified_libero_rlds
